[INFO] [launch]: All log files can be found below /root/.ros/log/2025-04-28-09-18-41-132538-0b3ba08fce1c-235422
[INFO] [launch]: Default logging verbosity is set to INFO
ign_args is deprecated, migrate to gz_args!
[INFO] [create-1]: process started with pid [235423]
[INFO] [create-2]: process started with pid [235425]
[INFO] [create-3]: process started with pid [235427]
[INFO] [create-4]: process started with pid [235429]
[INFO] [create-5]: process started with pid [235431]
[INFO] [create-6]: process started with pid [235433]
[INFO] [create-7]: process started with pid [235435]
[INFO] [create-8]: process started with pid [235437]
[INFO] [create-9]: process started with pid [235439]
[INFO] [create-10]: process started with pid [235441]
[INFO] [create-11]: process started with pid [235443]
[INFO] [create-12]: process started with pid [235445]
[INFO] [ruby $(which ign) gazebo-13]: process started with pid [235447]
[INFO] [parameter_bridge-14]: process started with pid [235449]
[create-12] [ros_ign_gazebo] is deprecated! Redirecting to use [ros_gz_sim] instead!
[create-12] 
[create-4] [INFO] [1745831921.353838299] [ros_gz_sim]: Requesting list of world names.
[create-8] [INFO] [1745831921.353964857] [ros_gz_sim]: Requesting list of world names.
[create-1] [INFO] [1745831921.354669694] [ros_gz_sim]: Requesting list of world names.
[create-6] [INFO] [1745831921.355029651] [ros_gz_sim]: Requesting list of world names.
[create-7] [INFO] [1745831921.368275652] [ros_gz_sim]: Requesting list of world names.
[create-9] [INFO] [1745831921.368579500] [ros_gz_sim]: Requesting list of world names.
[create-3] [INFO] [1745831921.368602177] [ros_gz_sim]: Requesting list of world names.
[create-2] [INFO] [1745831921.372111149] [ros_gz_sim]: Requesting list of world names.
[create-11] [INFO] [1745831921.372253865] [ros_gz_sim]: Requesting list of world names.
[create-10] [INFO] [1745831921.372833705] [ros_gz_sim]: Requesting list of world names.
[create-5] [INFO] [1745831921.374910281] [ros_gz_sim]: Requesting list of world names.
[create-12] [INFO] [1745831921.375785022] [ros_gz_sim]: Requesting list of world names.
[ruby $(which ign) gazebo-13] QStandardPaths: XDG_RUNTIME_DIR not set, defaulting to '/tmp/runtime-root'
[ruby $(which ign) gazebo-13] [1;33m[Wrn] [Conversions.cc:722] [0m[1;33m<gui><camera> can't be converted yet[0m[1;33m[0m
[ruby $(which ign) gazebo-13] [1;33m[GUI] [Wrn] [Application.cc:797] [0m[1;33m[QT] qrc:/qml/StyleDialog.qml:112:3: QML Connections: Implicitly defined onFoo properties in Connections are deprecated. Use this syntax instead: function onFoo(<arguments>) { ... }[0m[1;33m[0m
[ruby $(which ign) gazebo-13] [1;33m[GUI] [Wrn] [Application.cc:797] [0m[1;33m[QT] qrc:/qml/StyleDialog.qml:105:3: QML Connections: Implicitly defined onFoo properties in Connections are deprecated. Use this syntax instead: function onFoo(<arguments>) { ... }[0m[1;33m[0m
[ruby $(which ign) gazebo-13] [1;33m[GUI] [Wrn] [Application.cc:797] [0m[1;33m[QT] qrc:/qml/StyleDialog.qml:98:3: QML Connections: Implicitly defined onFoo properties in Connections are deprecated. Use this syntax instead: function onFoo(<arguments>) { ... }[0m[1;33m[0m
[ruby $(which ign) gazebo-13] [1;33m[GUI] [Wrn] [Application.cc:797] [0m[1;33m[QT] qrc:qml/Main.qml:102:3: QML Connections: Implicitly defined onFoo properties in Connections are deprecated. Use this syntax instead: function onFoo(<arguments>) { ... }[0m[1;33m[0m
[ruby $(which ign) gazebo-13] [1;33m[GUI] [Wrn] [Application.cc:797] [0m[1;33m[QT] qrc:/qml/PluginMenu.qml:27:3: QML Connections: Implicitly defined onFoo properties in Connections are deprecated. Use this syntax instead: function onFoo(<arguments>) { ... }[0m[1;33m[0m
[ruby $(which ign) gazebo-13] [1;33m[GUI] [Wrn] [Application.cc:797] [0m[1;33m[QT] file::/Gazebo/GazeboDrawer.qml:242:3: QML Connections: Implicitly defined onFoo properties in Connections are deprecated. Use this syntax instead: function onFoo(<arguments>) { ... }[0m[1;33m[0m
[parameter_bridge-14] [INFO] [1745831922.390415328] [parameter_bridge]: Creating GZ->ROS Bridge: [/model/turtlebot0/odometry (gz.msgs.Odometry) -> /turtlebot0/odometry (nav_msgs/msg/Odometry)] (Lazy 0)
[parameter_bridge-14] [INFO] [1745831922.395414602] [parameter_bridge]: Creating ROS->GZ Bridge: [/turtlebot0/odometry (nav_msgs/msg/Odometry) -> /model/turtlebot0/odometry (gz.msgs.Odometry)] (Lazy 0)
[parameter_bridge-14] [INFO] [1745831922.396750211] [parameter_bridge]: Creating GZ->ROS Bridge: [/model/turtlebot1/odometry (gz.msgs.Odometry) -> /turtlebot1/odometry (nav_msgs/msg/Odometry)] (Lazy 0)
[parameter_bridge-14] [INFO] [1745831922.397745028] [parameter_bridge]: Creating ROS->GZ Bridge: [/turtlebot1/odometry (nav_msgs/msg/Odometry) -> /model/turtlebot1/odometry (gz.msgs.Odometry)] (Lazy 0)
[parameter_bridge-14] [INFO] [1745831922.398726208] [parameter_bridge]: Creating GZ->ROS Bridge: [/model/turtlebot2/odometry (gz.msgs.Odometry) -> /turtlebot2/odometry (nav_msgs/msg/Odometry)] (Lazy 0)
[parameter_bridge-14] [INFO] [1745831922.399736349] [parameter_bridge]: Creating ROS->GZ Bridge: [/turtlebot2/odometry (nav_msgs/msg/Odometry) -> /model/turtlebot2/odometry (gz.msgs.Odometry)] (Lazy 0)
[parameter_bridge-14] [INFO] [1745831922.400909840] [parameter_bridge]: Creating GZ->ROS Bridge: [/model/turtlebot3/odometry (gz.msgs.Odometry) -> /turtlebot3/odometry (nav_msgs/msg/Odometry)] (Lazy 0)
[parameter_bridge-14] [INFO] [1745831922.402184689] [parameter_bridge]: Creating ROS->GZ Bridge: [/turtlebot3/odometry (nav_msgs/msg/Odometry) -> /model/turtlebot3/odometry (gz.msgs.Odometry)] (Lazy 0)
[parameter_bridge-14] [INFO] [1745831922.403361425] [parameter_bridge]: Creating GZ->ROS Bridge: [/model/parcel0/pose (gz.msgs.Pose) -> /parcel0/pose (geometry_msgs/msg/Pose)] (Lazy 0)
[parameter_bridge-14] [INFO] [1745831922.404781241] [parameter_bridge]: Creating GZ->ROS Bridge: [/model/parcel1/pose (gz.msgs.Pose) -> /parcel1/pose (geometry_msgs/msg/Pose)] (Lazy 0)
[parameter_bridge-14] [INFO] [1745831922.406145819] [parameter_bridge]: Creating GZ->ROS Bridge: [/model/parcel2/pose (gz.msgs.Pose) -> /parcel2/pose (geometry_msgs/msg/Pose)] (Lazy 0)
[parameter_bridge-14] [INFO] [1745831922.407399535] [parameter_bridge]: Creating GZ->ROS Bridge: [/model/parcel3/pose (gz.msgs.Pose) -> /parcel3/pose (geometry_msgs/msg/Pose)] (Lazy 0)
[parameter_bridge-14] [INFO] [1745831922.408654788] [parameter_bridge]: Creating GZ->ROS Bridge: [/model/Relaypoint0/pose (gz.msgs.Pose) -> /Relaypoint0/pose (geometry_msgs/msg/Pose)] (Lazy 0)
[parameter_bridge-14] [INFO] [1745831922.409968020] [parameter_bridge]: Creating GZ->ROS Bridge: [/model/Relaypoint1/pose (gz.msgs.Pose) -> /Relaypoint1/pose (geometry_msgs/msg/Pose)] (Lazy 0)
[parameter_bridge-14] [INFO] [1745831922.411333888] [parameter_bridge]: Creating GZ->ROS Bridge: [/model/Relaypoint2/pose (gz.msgs.Pose) -> /Relaypoint2/pose (geometry_msgs/msg/Pose)] (Lazy 0)
[parameter_bridge-14] [INFO] [1745831922.412675668] [parameter_bridge]: Creating GZ->ROS Bridge: [/model/Relaypoint3/pose (gz.msgs.Pose) -> /Relaypoint3/pose (geometry_msgs/msg/Pose)] (Lazy 0)
[parameter_bridge-14] [INFO] [1745831922.413858429] [parameter_bridge]: Creating GZ->ROS Bridge: [/model/Relaypoint4/pose (gz.msgs.Pose) -> /Relaypoint4/pose (geometry_msgs/msg/Pose)] (Lazy 0)
[create-12] [INFO] [1745831923.044639100] [ros_gz_sim]: Requested creation of entity.
[create-12] [INFO] [1745831923.044719519] [ros_gz_sim]: OK creation of entity.
[create-11] [INFO] [1745831923.044655055] [ros_gz_sim]: Requested creation of entity.
[create-11] [INFO] [1745831923.044726903] [ros_gz_sim]: OK creation of entity.
[create-7] [INFO] [1745831923.044656590] [ros_gz_sim]: Requested creation of entity.
[create-7] [INFO] [1745831923.044726855] [ros_gz_sim]: OK creation of entity.
[create-3] [INFO] [1745831923.044680360] [ros_gz_sim]: Requested creation of entity.
[create-3] [INFO] [1745831923.044739761] [ros_gz_sim]: OK creation of entity.
[create-6] [INFO] [1745831923.044704975] [ros_gz_sim]: Requested creation of entity.
[create-6] [INFO] [1745831923.044755641] [ros_gz_sim]: OK creation of entity.
[create-1] [INFO] [1745831923.044743221] [ros_gz_sim]: Requested creation of entity.
[create-1] [INFO] [1745831923.044859091] [ros_gz_sim]: OK creation of entity.
[create-4] [INFO] [1745831923.044740973] [ros_gz_sim]: Requested creation of entity.
[create-4] [INFO] [1745831923.044811097] [ros_gz_sim]: OK creation of entity.
[create-5] [INFO] [1745831923.044747103] [ros_gz_sim]: Requested creation of entity.
[create-5] [INFO] [1745831923.044804557] [ros_gz_sim]: OK creation of entity.
[create-10] [INFO] [1745831923.044758167] [ros_gz_sim]: Requested creation of entity.
[create-10] [INFO] [1745831923.044829258] [ros_gz_sim]: OK creation of entity.
[create-9] [INFO] [1745831923.044769889] [ros_gz_sim]: Requested creation of entity.
[create-9] [INFO] [1745831923.044829269] [ros_gz_sim]: OK creation of entity.
[create-2] [INFO] [1745831923.044775398] [ros_gz_sim]: Requested creation of entity.
[create-2] [INFO] [1745831923.044832354] [ros_gz_sim]: OK creation of entity.
[create-8] [INFO] [1745831923.044779861] [ros_gz_sim]: Requested creation of entity.
[create-8] [INFO] [1745831923.044832806] [ros_gz_sim]: OK creation of entity.
[ruby $(which ign) gazebo-13] [1;33m[GUI] [Wrn] [Application.cc:797] [0m[1;33m[QT] file::/EntityContextMenuPlugin/EntityContextMenuPlugin.qml:57:5: QML Connections: Implicitly defined onFoo properties in Connections are deprecated. Use this syntax instead: function onFoo(<arguments>) { ... }[0m[1;33m[0m
[ruby $(which ign) gazebo-13] [1;33m[GUI] [Wrn] [Application.cc:797] [0m[1;33m[QT] file::/EntityContextMenuPlugin/EntityContextMenuPlugin.qml:52:3: QML RenderWindowOverlay: Detected anchors on an item that is managed by a layout. This is undefined behavior; use Layout.alignment instead.[0m[1;33m[0m
[ruby $(which ign) gazebo-13] [1;33m[GUI] [Wrn] [Application.cc:797] [0m[1;33m[QT] file::/EntityContextMenuPlugin/EntityContextMenuPlugin.qml:67:3: QML EntityContextMenu: Detected anchors on an item that is managed by a layout. This is undefined behavior; use Layout.alignment instead.[0m[1;33m[0m
[ruby $(which ign) gazebo-13] [1;33m[GUI] [Wrn] [Application.cc:797] [0m[1;33m[QT] file::/EntityContextMenuPlugin/EntityContextMenuPlugin.qml:52:3: QML RenderWindowOverlay: Detected anchors on an item that is managed by a layout. This is undefined behavior; use Layout.alignment instead.[0m[1;33m[0m
[ruby $(which ign) gazebo-13] [1;33m[GUI] [Wrn] [Application.cc:797] [0m[1;33m[QT] file::/EntityContextMenuPlugin/EntityContextMenuPlugin.qml:67:3: QML EntityContextMenu: Detected anchors on an item that is managed by a layout. This is undefined behavior; use Layout.alignment instead.[0m[1;33m[0m
[ruby $(which ign) gazebo-13] [1;33m[GUI] [Wrn] [Application.cc:797] [0m[1;33m[QT] file::/EntityContextMenuPlugin/EntityContextMenuPlugin.qml:52:3: QML RenderWindowOverlay: Detected anchors on an item that is managed by a layout. This is undefined behavior; use Layout.alignment instead.[0m[1;33m[0m
[ruby $(which ign) gazebo-13] [1;33m[GUI] [Wrn] [Application.cc:797] [0m[1;33m[QT] file::/EntityContextMenuPlugin/EntityContextMenuPlugin.qml:67:3: QML EntityContextMenu: Detected anchors on an item that is managed by a layout. This is undefined behavior; use Layout.alignment instead.[0m[1;33m[0m
[ruby $(which ign) gazebo-13] [1;33m[GUI] [Wrn] [Application.cc:797] [0m[1;33m[QT] file::/EntityContextMenuPlugin/EntityContextMenuPlugin.qml:52:3: QML RenderWindowOverlay: Detected anchors on an item that is managed by a layout. This is undefined behavior; use Layout.alignment instead.[0m[1;33m[0m
[ruby $(which ign) gazebo-13] [1;33m[GUI] [Wrn] [Application.cc:797] [0m[1;33m[QT] file::/EntityContextMenuPlugin/EntityContextMenuPlugin.qml:67:3: QML EntityContextMenu: Detected anchors on an item that is managed by a layout. This is undefined behavior; use Layout.alignment instead.[0m[1;33m[0m
[ruby $(which ign) gazebo-13] [1;33m[GUI] [Wrn] [Application.cc:797] [0m[1;33m[QT] file::/EntityContextMenuPlugin/EntityContextMenuPlugin.qml:52:3: QML RenderWindowOverlay: Detected anchors on an item that is managed by a layout. This is undefined behavior; use Layout.alignment instead.[0m[1;33m[0m
[ruby $(which ign) gazebo-13] [1;33m[GUI] [Wrn] [Application.cc:797] [0m[1;33m[QT] file::/EntityContextMenuPlugin/EntityContextMenuPlugin.qml:67:3: QML EntityContextMenu: Detected anchors on an item that is managed by a layout. This is undefined behavior; use Layout.alignment instead.[0m[1;33m[0m
[ruby $(which ign) gazebo-13] [1;33m[GUI] [Wrn] [Application.cc:797] [0m[1;33m[QT] file::/EntityContextMenuPlugin/EntityContextMenuPlugin.qml:52:3: QML RenderWindowOverlay: Detected anchors on an item that is managed by a layout. This is undefined behavior; use Layout.alignment instead.[0m[1;33m[0m
[ruby $(which ign) gazebo-13] [1;33m[GUI] [Wrn] [Application.cc:797] [0m[1;33m[QT] file::/EntityContextMenuPlugin/EntityContextMenuPlugin.qml:67:3: QML EntityContextMenu: Detected anchors on an item that is managed by a layout. This is undefined behavior; use Layout.alignment instead.[0m[1;33m[0m
[INFO] [create-1]: process has finished cleanly [pid 235423]
[INFO] [create-3]: process has finished cleanly [pid 235427]
[INFO] [create-2]: process has finished cleanly [pid 235425]
[INFO] [create-11]: process has finished cleanly [pid 235443]
[INFO] [create-10]: process has finished cleanly [pid 235441]
[INFO] [create-7]: process has finished cleanly [pid 235435]
[INFO] [create-5]: process has finished cleanly [pid 235431]
[INFO] [create-12]: process has finished cleanly [pid 235445]
[INFO] [create-6]: process has finished cleanly [pid 235433]
[INFO] [create-8]: process has finished cleanly [pid 235437]
[INFO] [create-4]: process has finished cleanly [pid 235429]
[INFO] [create-9]: process has finished cleanly [pid 235439]
[INFO] [create-15]: process started with pid [235745]
[ruby $(which ign) gazebo-13] [1;33m[GUI] [Wrn] [Application.cc:797] [0m[1;33m[QT] file::/Spawn/Spawn.qml:32:3: QML Connections: Implicitly defined onFoo properties in Connections are deprecated. Use this syntax instead: function onFoo(<arguments>) { ... }[0m[1;33m[0m
[create-15] [INFO] [1745831923.186055099] [ros_gz_sim]: Requesting list of world names.
[ruby $(which ign) gazebo-13] [1;32m[Msg] [0m[1;32mIgnition Gazebo GUI    v[0m[1;32m6.17.0[0m[1;32m[0m
[ruby $(which ign) gazebo-13] [1;32m[GUI] [0m[1;32m[Msg] [0m[1;32mLoading config [[0m[1;32m/root/.ignition/gazebo/6/gui.config[0m[1;32m][0m[1;32m[0m
[ruby $(which ign) gazebo-13] [1;32m[GUI] [0m[1;32m[Msg] [0m[1;32mAdded plugin [[0m[1;32m3D View[0m[1;32m] to main window[0m[1;32m[0m
[ruby $(which ign) gazebo-13] [1;32m[GUI] [0m[1;32m[Msg] [0m[1;32mLoaded plugin [[0m[1;32mMinimalScene[0m[1;32m] from path [[0m[1;32m/usr/lib/x86_64-linux-gnu/ign-gui-6/plugins/libMinimalScene.so[0m[1;32m][0m[1;32m[0m
[ruby $(which ign) gazebo-13] [1;32m[GUI] [0m[1;32m[Msg] [0m[1;32mAdded plugin [[0m[1;32mEntity Context Menu[0m[1;32m] to main window[0m[1;32m[0m
[ruby $(which ign) gazebo-13] [1;32m[GUI] [0m[1;32m[Msg] [0m[1;32mLoaded plugin [[0m[1;32mEntityContextMenuPlugin[0m[1;32m] from path [[0m[1;32m/usr/lib/x86_64-linux-gnu/ign-gazebo-6/plugins/gui/libEntityContextMenuPlugin.so[0m[1;32m][0m[1;32m[0m
[ruby $(which ign) gazebo-13] [1;32m[GUI] [0m[1;32m[Msg] [0m[1;32mAdded plugin [[0m[1;32mScene Manager[0m[1;32m] to main window[0m[1;32m[0m
[ruby $(which ign) gazebo-13] [1;32m[GUI] [0m[1;32m[Msg] [0m[1;32mLoaded plugin [[0m[1;32mGzSceneManager[0m[1;32m] from path [[0m[1;32m/usr/lib/x86_64-linux-gnu/ign-gazebo-6/plugins/gui/libGzSceneManager.so[0m[1;32m][0m[1;32m[0m
[ruby $(which ign) gazebo-13] [1;32m[GUI] [0m[1;32m[Msg] [0m[1;32mCamera view controller topic advertised on [[0m[1;32m/gui/camera/view_control[0m[1;32m][0m[1;32m[0m
[ruby $(which ign) gazebo-13] [1;32m[GUI] [0m[1;32m[Msg] [0m[1;32mCamera reference visual topic advertised on [[0m[1;32m/gui/camera/view_control/reference_visual[0m[1;32m][0m[1;32m[0m
[ruby $(which ign) gazebo-13] [1;32m[GUI] [0m[1;32m[Msg] [0m[1;32mCamera view control sensitivity advertised on [[0m[1;32m/gui/camera/view_control/sensitivity[0m[1;32m][0m[1;32m[0m
[ruby $(which ign) gazebo-13] [1;32m[GUI] [0m[1;32m[Msg] [0m[1;32mAdded plugin [[0m[1;32mInteractive view control[0m[1;32m] to main window[0m[1;32m[0m
[ruby $(which ign) gazebo-13] [1;32m[GUI] [0m[1;32m[Msg] [0m[1;32mLoaded plugin [[0m[1;32mInteractiveViewControl[0m[1;32m] from path [[0m[1;32m/usr/lib/x86_64-linux-gnu/ign-gui-6/plugins/libInteractiveViewControl.so[0m[1;32m][0m[1;32m[0m
[ruby $(which ign) gazebo-13] [1;32m[GUI] [0m[1;32m[Msg] [0m[1;32mAdded plugin [[0m[1;32mCamera tracking[0m[1;32m] to main window[0m[1;32m[0m
[ruby $(which ign) gazebo-13] [1;32m[GUI] [0m[1;32m[Msg] [0m[1;32mLoaded plugin [[0m[1;32mCameraTracking[0m[1;32m] from path [[0m[1;32m/usr/lib/x86_64-linux-gnu/ign-gui-6/plugins/libCameraTracking.so[0m[1;32m][0m[1;32m[0m
[ruby $(which ign) gazebo-13] [1;32m[GUI] [0m[1;32m[Msg] [0m[1;32mListening to stats on [[0m[1;32m/world/default/stats[0m[1;32m][0m[1;32m[0m
[ruby $(which ign) gazebo-13] [1;32m[GUI] [0m[1;32m[Msg] [0m[1;32mAdded plugin [[0m[1;32mMarker Manager[0m[1;32m] to main window[0m[1;32m[0m
[ruby $(which ign) gazebo-13] [1;32m[GUI] [0m[1;32m[Msg] [0m[1;32mLoaded plugin [[0m[1;32mMarkerManager[0m[1;32m] from path [[0m[1;32m/usr/lib/x86_64-linux-gnu/ign-gui-6/plugins/libMarkerManager.so[0m[1;32m][0m[1;32m[0m
[ruby $(which ign) gazebo-13] [1;32m[GUI] [0m[1;32m[Msg] [0m[1;32mAdded plugin [[0m[1;32mSelect entities[0m[1;32m] to main window[0m[1;32m[0m
[ruby $(which ign) gazebo-13] [1;32m[GUI] [0m[1;32m[Msg] [0m[1;32mLoaded plugin [[0m[1;32mSelectEntities[0m[1;32m] from path [[0m[1;32m/usr/lib/x86_64-linux-gnu/ign-gazebo-6/plugins/gui/libSelectEntities.so[0m[1;32m][0m[1;32m[0m
[ruby $(which ign) gazebo-13] [1;32m[GUI] [0m[1;32m[Msg] [0m[1;32mAdded plugin [[0m[1;32mSpawn[0m[1;32m] to main window[0m[1;32m[0m
[ruby $(which ign) gazebo-13] [1;32m[GUI] [0m[1;32m[Msg] [0m[1;32mLoaded plugin [[0m[1;32mSpawn[0m[1;32m] from path [[0m[1;32m/usr/lib/x86_64-linux-gnu/ign-gazebo-6/plugins/gui/libSpawn.so[0m[1;32m][0m[1;32m[0m
[ruby $(which ign) gazebo-13] [1;32m[GUI] [0m[1;32m[Msg] [0m[1;32mView as transparent service on [[0m[1;32m/gui/view/transparent[0m[1;32m][0m[1;32m[0m
[ruby $(which ign) gazebo-13] [1;32m[GUI] [0m[1;32m[Msg] [0m[1;32mView as wireframes service on [[0m[1;32m/gui/view/wireframes[0m[1;32m][0m[1;32m[0m
[ruby $(which ign) gazebo-13] [1;32m[GUI] [0m[1;32m[Msg] [0m[1;32mView center of mass service on [[0m[1;32m/gui/view/com[0m[1;32m][0m[1;32m[0m
[ruby $(which ign) gazebo-13] [1;32m[GUI] [0m[1;32m[Msg] [0m[1;32mView inertia service on [[0m[1;32m/gui/view/inertia[0m[1;32m][0m[1;32m[0m
[ruby $(which ign) gazebo-13] [1;33m[GUI] [Wrn] [Application.cc:797] [0m[1;33m[QT] file::/WorldControl/WorldControl.qml:30:3: QML Connections: Implicitly defined onFoo properties in Connections are deprecated. Use this syntax instead: function onFoo(<arguments>) { ... }[0m[1;33m[0m
[ruby $(which ign) gazebo-13] [1;33m[GUI] [Wrn] [Application.cc:797] [0m[1;33m[QT] file::/TransformControl/TransformControl.qml:104:3: QML Connections: Implicitly defined onFoo properties in Connections are deprecated. Use this syntax instead: function onFoo(<arguments>) { ... }[0m[1;33m[0m
[ruby $(which ign) gazebo-13] [1;33m[GUI] [Wrn] [Application.cc:797] [0m[1;33m[QT] file::/TransformControl/TransformControl.qml:99:3: QML Connections: Implicitly defined onFoo properties in Connections are deprecated. Use this syntax instead: function onFoo(<arguments>) { ... }[0m[1;33m[0m
[ruby $(which ign) gazebo-13] [1;33m[GUI] [Wrn] [Application.cc:797] [0m[1;33m[QT] file::/TransformControl/TransformControl.qml:94:3: QML Connections: Implicitly defined onFoo properties in Connections are deprecated. Use this syntax instead: function onFoo(<arguments>) { ... }[0m[1;33m[0m
[ruby $(which ign) gazebo-13] [1;33m[GUI] [Wrn] [Application.cc:797] [0m[1;33m[QT] file::/TransformControl/TransformControl.qml:89:3: QML Connections: Implicitly defined onFoo properties in Connections are deprecated. Use this syntax instead: function onFoo(<arguments>) { ... }[0m[1;33m[0m
[ruby $(which ign) gazebo-13] [1;33m[GUI] [Wrn] [Application.cc:797] [0m[1;33m[QT] file::/EntityTree/EntityTree.qml:148:7: QML ToolButton: Detected anchors on an item that is managed by a layout. This is undefined behavior; use Layout.alignment instead.[0m[1;33m[0m
[ruby $(which ign) gazebo-13] [1;32m[GUI] [0m[1;32m[Msg] [0m[1;32mView collisions service on [[0m[1;32m/gui/view/collisions[0m[1;32m][0m[1;32m[0m
[ruby $(which ign) gazebo-13] [1;32m[GUI] [0m[1;32m[Msg] [0m[1;32mView joints service on [[0m[1;32m/gui/view/joints[0m[1;32m][0m[1;32m[0m
[ruby $(which ign) gazebo-13] [1;32m[GUI] [0m[1;32m[Msg] [0m[1;32mView frames service on [[0m[1;32m/gui/view/frames[0m[1;32m][0m[1;32m[0m
[ruby $(which ign) gazebo-13] [1;32m[GUI] [0m[1;32m[Msg] [0m[1;32mAdded plugin [[0m[1;32mVisualization capabilities[0m[1;32m] to main window[0m[1;32m[0m
[ruby $(which ign) gazebo-13] [1;32m[GUI] [0m[1;32m[Msg] [0m[1;32mLoaded plugin [[0m[1;32mVisualizationCapabilities[0m[1;32m] from path [[0m[1;32m/usr/lib/x86_64-linux-gnu/ign-gazebo-6/plugins/gui/libVisualizationCapabilities.so[0m[1;32m][0m[1;32m[0m
[ruby $(which ign) gazebo-13] [1;32m[GUI] [0m[1;32m[Msg] [0m[1;32mUsing world control service [[0m[1;32m/world/default/control[0m[1;32m][0m[1;32m[0m
[ruby $(which ign) gazebo-13] [1;32m[GUI] [0m[1;32m[Msg] [0m[1;32mListening to stats on [[0m[1;32m/world/default/stats[0m[1;32m][0m[1;32m[0m
[ruby $(which ign) gazebo-13] [1;32m[GUI] [0m[1;32m[Msg] [0m[1;32mAdded plugin [[0m[1;32mWorld control[0m[1;32m] to main window[0m[1;32m[0m
[ruby $(which ign) gazebo-13] [1;32m[GUI] [0m[1;32m[Msg] [0m[1;32mLoaded plugin [[0m[1;32mWorldControl[0m[1;32m] from path [[0m[1;32m/usr/lib/x86_64-linux-gnu/ign-gui-6/plugins/libWorldControl.so[0m[1;32m][0m[1;32m[0m
[ruby $(which ign) gazebo-13] [1;32m[GUI] [0m[1;32m[Msg] [0m[1;32mListening to stats on [[0m[1;32m/world/default/stats[0m[1;32m][0m[1;32m[0m
[ruby $(which ign) gazebo-13] [1;32m[GUI] [0m[1;32m[Msg] [0m[1;32mAdded plugin [[0m[1;32mWorld stats[0m[1;32m] to main window[0m[1;32m[0m
[ruby $(which ign) gazebo-13] [1;32m[GUI] [0m[1;32m[Msg] [0m[1;32mLoaded plugin [[0m[1;32mWorldStats[0m[1;32m] from path [[0m[1;32m/usr/lib/x86_64-linux-gnu/ign-gui-6/plugins/libWorldStats.so[0m[1;32m][0m[1;32m[0m
[ruby $(which ign) gazebo-13] [1;32m[GUI] [0m[1;32m[Msg] [0m[1;32mAdded plugin [[0m[1;32mShapes[0m[1;32m] to main window[0m[1;32m[0m
[ruby $(which ign) gazebo-13] [1;32m[GUI] [0m[1;32m[Msg] [0m[1;32mLoaded plugin [[0m[1;32mShapes[0m[1;32m] from path [[0m[1;32m/usr/lib/x86_64-linux-gnu/ign-gazebo-6/plugins/gui/libShapes.so[0m[1;32m][0m[1;32m[0m
[ruby $(which ign) gazebo-13] [1;32m[GUI] [0m[1;32m[Msg] [0m[1;32mAdded plugin [[0m[1;32mLights[0m[1;32m] to main window[0m[1;32m[0m
[ruby $(which ign) gazebo-13] [1;32m[GUI] [0m[1;32m[Msg] [0m[1;32mLoaded plugin [[0m[1;32mLights[0m[1;32m] from path [[0m[1;32m/usr/lib/x86_64-linux-gnu/ign-gazebo-6/plugins/gui/libLights.so[0m[1;32m][0m[1;32m[0m
[ruby $(which ign) gazebo-13] [1;32m[GUI] [0m[1;32m[Msg] [0m[1;32mAdded plugin [[0m[1;32mTransform control[0m[1;32m] to main window[0m[1;32m[0m
[ruby $(which ign) gazebo-13] [1;32m[GUI] [0m[1;32m[Msg] [0m[1;32mLoaded plugin [[0m[1;32mTransformControl[0m[1;32m] from path [[0m[1;32m/usr/lib/x86_64-linux-gnu/ign-gazebo-6/plugins/gui/libTransformControl.so[0m[1;32m][0m[1;32m[0m
[ruby $(which ign) gazebo-13] [1;32m[GUI] [0m[1;32m[Msg] [0m[1;32mScreenshot service on [[0m[1;32m/gui/screenshot[0m[1;32m][0m[1;32m[0m
[ruby $(which ign) gazebo-13] [1;32m[GUI] [0m[1;32m[Msg] [0m[1;32mAdded plugin [[0m[1;32mScreenshot[0m[1;32m] to main window[0m[1;32m[0m
[ruby $(which ign) gazebo-13] [1;32m[GUI] [0m[1;32m[Msg] [0m[1;32mLoaded plugin [[0m[1;32mScreenshot[0m[1;32m] from path [[0m[1;32m/usr/lib/x86_64-linux-gnu/ign-gui-6/plugins/libScreenshot.so[0m[1;32m][0m[1;32m[0m
[ruby $(which ign) gazebo-13] [1;32m[GUI] [0m[1;32m[Msg] [0m[1;32mAdded plugin [[0m[1;32mCopy/Paste[0m[1;32m] to main window[0m[1;32m[0m
[ruby $(which ign) gazebo-13] [1;32m[GUI] [0m[1;32m[Msg] [0m[1;32mLoaded plugin [[0m[1;32mCopyPaste[0m[1;32m] from path [[0m[1;32m/usr/lib/x86_64-linux-gnu/ign-gazebo-6/plugins/gui/libCopyPaste.so[0m[1;32m][0m[1;32m[0m
[ruby $(which ign) gazebo-13] [1;32m[GUI] [0m[1;32m[Msg] [0m[1;32mAdded plugin [[0m[1;32mComponent inspector[0m[1;32m] to main window[0m[1;32m[0m
[ruby $(which ign) gazebo-13] [1;32m[GUI] [0m[1;32m[Msg] [0m[1;32mLoaded plugin [[0m[1;32mComponentInspector[0m[1;32m] from path [[0m[1;32m/usr/lib/x86_64-linux-gnu/ign-gazebo-6/plugins/gui/libComponentInspector.so[0m[1;32m][0m[1;32m[0m
[ruby $(which ign) gazebo-13] [1;32m[GUI] [0m[1;32m[Msg] [0m[1;32mAdded plugin [[0m[1;32mEntity tree[0m[1;32m] to main window[0m[1;32m[0m
[ruby $(which ign) gazebo-13] [1;32m[GUI] [0m[1;32m[Msg] [0m[1;32mLoaded plugin [[0m[1;32mEntityTree[0m[1;32m] from path [[0m[1;32m/usr/lib/x86_64-linux-gnu/ign-gazebo-6/plugins/gui/libEntityTree.so[0m[1;32m][0m[1;32m[0m
[create-15] [INFO] [1745831923.387626747] [ros_gz_sim]: Requested creation of entity.
[create-15] [INFO] [1745831923.387663277] [ros_gz_sim]: OK creation of entity.
[ruby $(which ign) gazebo-13] [1;33m[GUI] [Wrn] [Application.cc:797] [0m[1;33m[QT] file::/WorldStats/WorldStats.qml:53:3: QML RowLayout: Binding loop detected for property "x"[0m[1;33m[0m
[ruby $(which ign) gazebo-13] [1;33m[GUI] [Wrn] [Application.cc:797] [0m[1;33m[QT] file::/EntityContextMenuPlugin/EntityContextMenuPlugin.qml:52:3: QML RenderWindowOverlay: Detected anchors on an item that is managed by a layout. This is undefined behavior; use Layout.alignment instead.[0m[1;33m[0m
[ruby $(which ign) gazebo-13] [1;33m[GUI] [Wrn] [Application.cc:797] [0m[1;33m[QT] file::/EntityContextMenuPlugin/EntityContextMenuPlugin.qml:67:3: QML EntityContextMenu: Detected anchors on an item that is managed by a layout. This is undefined behavior; use Layout.alignment instead.[0m[1;33m[0m
[INFO] [create-15]: process has finished cleanly [pid 235745]
[INFO] [create-16]: process started with pid [235791]
[create-16] [INFO] [1745831923.529393100] [ros_gz_sim]: Requesting list of world names.
[ruby $(which ign) gazebo-13] libEGL warning: egl: failed to create dri2 screen
[ruby $(which ign) gazebo-13] libEGL warning: egl: failed to create dri2 screen
[create-16] [INFO] [1745831923.762129795] [ros_gz_sim]: Requested creation of entity.
[create-16] [INFO] [1745831923.762204878] [ros_gz_sim]: OK creation of entity.
[INFO] [create-16]: process has finished cleanly [pid 235791]
[INFO] [create-17]: process started with pid [235889]
[create-17] [INFO] [1745831923.901150015] [ros_gz_sim]: Requesting list of world names.
[ruby $(which ign) gazebo-13] [1;33m[Wrn] [SdfEntityCreator.cc:917] [0m[1;33mSensor type LIDAR not supported yet. Try using[0m[1;33ma GPU LIDAR instead.[0m[1;33m[0m
[create-17] [INFO] [1745831924.103599380] [ros_gz_sim]: Requested creation of entity.
[create-17] [INFO] [1745831924.103709210] [ros_gz_sim]: OK creation of entity.
[INFO] [create-17]: process has finished cleanly [pid 235889]
[INFO] [create-18]: process started with pid [235906]
[ruby $(which ign) gazebo-13] [1;33m[Wrn] [SdfEntityCreator.cc:917] [0m[1;33mSensor type LIDAR not supported yet. Try using[0m[1;33ma GPU LIDAR instead.[0m[1;33m[0m
[ruby $(which ign) gazebo-13] [1;32m[[1;32m[Msg] [0m[1;32mReceived world [[0m[1;32m/root/workspace/install/turtlebot3_gazebo/share/turtlebot3_gazebo/worlds/turtlebot3_maze.world[0m[1;32m] from the GUI.[0m[1;32m[0m
[ruby $(which ign) gazebo-13] [1;32m[Msg] [0m[1;32mIgnition Gazebo Server v[0m[1;32m6.17.0[0m[1;32m[0m
[ruby $(which ign) gazebo-13] [1;32m[Msg] [0m[1;32mLoading SDF world file[[0m[1;32m/root/workspace/install/turtlebot3_gazebo/share/turtlebot3_gazebo/worlds/turtlebot3_maze.world[0m[1;32m].[0m
[ruby $(which ign) gazebo-13] [1;32m[Msg] [0m[1;32mServing entity system service on [[0m[1;32m/[0m[1;32mentity/system/add[0m[1;32m][0m[1;32m[0m
[ruby $(which ign) gazebo-13] [1;32m[Msg] [0m[1;32mLoaded level [[0m[1;32m3[0m[1;32m][0m[1;32m[0m
[ruby $(which ign) gazebo-13] [1;32m[Msg] [0m[1;32mNo systems loaded from SDF, loading defaults[0m[1;32m[0m
[ruby $(which ign) gazebo-13] [1;32m[Msg] [0m[1;32mCreate service on [[0m[1;32m/world/default/create[0m[1;32m][0m[1;32m[0m
[ruby $(which ign) gazebo-13] [1;32m[Msg] [0m[1;32mRemove service on [[0m[1;32m/world/default/remove[0m[1;32m][0m[1;32m[0m
[ruby $(which ign) gazebo-13] [1;32m[Msg] [0m[1;32mPose service on [[0m[1;32m/world/default/set_pose[0m[1;32m][0m[1;32m[0m
[ruby $(which ign) gazebo-13] [1;32m[Msg] [0m[1;32mPose service on [[0m[1;32m/world/default/set_pose_vector[0m[1;32m][0m[1;32m[0m
[ruby $(which ign) gazebo-13] [1;32m[Msg] [0m[1;32mLight configuration service on [[0m[1;32m/world/default/light_config[0m[1;32m][0m[1;32m[0m
[ruby $(which ign) gazebo-13] [1;32m[Msg] [0m[1;32mPhysics service on [[0m[1;32m/world/default/set_physics[0m[1;32m][0m[1;32m[0m
[ruby $(which ign) gazebo-13] [1;32m[Msg] [0m[1;32mSphericalCoordinates service on [[0m[1;32m/world/default/set_spherical_coordinates[0m[1;32m][0m[1;32m[0m
[ruby $(which ign) gazebo-13] [1;32m[Msg] [0m[1;32mEnable collision service on [[0m[1;32m/world/default/enable_collision[0m[1;32m][0m[1;32m[0m
[ruby $(which ign) gazebo-13] [1;32m[Msg] [0m[1;32mDisable collision service on [[0m[1;32m/world/default/disable_collision[0m[1;32m][0m[1;32m[0m
[ruby $(which ign) gazebo-13] [1;32m[Msg] [0m[1;32mMaterial service on [[0m[1;32m/world/default/visual_config[0m[1;32m][0m[1;32m[0m
[ruby $(which ign) gazebo-13] [1;32m[Msg] [0m[1;32mMaterial service on [[0m[1;32m/world/default/wheel_slip[0m[1;32m][0m[1;32m[0m
[ruby $(which ign) gazebo-13] [1;32m[Msg] [0m[1;32mServing world controls on [[0m[1;32m/world/default[0m[1;32m/control], [[0m[1;32m/world/default[0m[1;32m/control/state] and [[0m[1;32m/world/default[0m[1;32m/playback/control][0m[1;32m[0m
[ruby $(which ign) gazebo-13] [1;32m[Msg] [0m[1;32mServing GUI information on [[0m[1;32m/world/default[0m[1;32m/[0m[1;32mgui/info[0m[1;32m][0m[1;32m[0m
[ruby $(which ign) gazebo-13] [1;32m[Msg] [0m[1;32mWorld [[0m[1;32mdefault[0m[1;32m] initialized with [[0m[1;32mdefault_physics[0m[1;32m] physics profile.[0m[1;32m[0m
[ruby $(which ign) gazebo-13] [1;32m[Msg] [0m[1;32mServing world SDF generation service on [[0m[1;32m/world/default[0m[1;32m/[0m[1;32mgenerate_world_sdf[0m[1;32m][0m[1;32m[0m
[ruby $(which ign) gazebo-13] [1;32m[Msg] [0m[1;32mServing world names on [[0m[1;32m/gazebo/worlds[0m[1;32m][0m[1;32m[0m
[ruby $(which ign) gazebo-13] [1;32m[Msg] [0m[1;32mResource path add service on [[0m[1;32m/gazebo/resource_paths/add[0m[1;32m].[0m[1;32m[0m
[ruby $(which ign) gazebo-13] [1;32m[Msg] [0m[1;32mResource path get service on [[0m[1;32m/gazebo/resource_paths/get[0m[1;32m].[0m[1;32m[0m
[ruby $(which ign) gazebo-13] [1;32m[Msg] [0m[1;32mResource path resolve service on [[0m[1;32m/gazebo/resource_paths/resolve[0m[1;32m].[0m[1;32m[0m
[ruby $(which ign) gazebo-13] [1;32m[Msg] [0m[1;32mResource paths published on [[0m[1;32m/gazebo/resource_paths[0m[1;32m].[0m[1;32m[0m
[ruby $(which ign) gazebo-13] [1;32m[Msg] [0m[1;32mServer control service on [[0m[1;32m/server_control[0m[1;32m].[0m[1;32m[0m
[ruby $(which ign) gazebo-13] [1;32m[Msg] [0m[1;32mFound no publishers on /stats, adding root stats topic[0m[1;32m[0m
[ruby $(which ign) gazebo-13] [1;32m[Msg] [0m[1;32mFound no publishers on /clock, adding root clock topic[0m[1;32m[0m
[ruby $(which ign) gazebo-13] [1;32m[Msg] [0m[1;32mOdometryPublisher publishing odometry on [[0m[1;32m/odom[0m[1;32m][0m[1;32m[0m
[ruby $(which ign) gazebo-13] [1;32m[Msg] [0m[1;32mOdometryPublisher publishing odometry with covariance on [[0m[1;32m/model/turtlebot0/odometry_with_covariance[0m[1;32m][0m[1;32m[0m
[ruby $(which ign) gazebo-13] [1;32m[Msg] [0m[1;32mOdometryPublisher publishing Pose_V (TF) on [[0m[1;32m/odom/tf[0m[1;32m][0m[1;32m[0m
[ruby $(which ign) gazebo-13] [1;32m[Msg] [0m[1;32mDiffDrive subscribing to twist messages on [[0m[1;32mcmd_vel[0m[1;32m][0m[1;32m[0m
[create-18] [INFO] [1745831924.240613677] [ros_gz_sim]: Requesting list of world names.
[create-18] [INFO] [1745831924.441800664] [ros_gz_sim]: Requested creation of entity.
[create-18] [INFO] [1745831924.441836967] [ros_gz_sim]: OK creation of entity.
[INFO] [create-18]: process has finished cleanly [pid 235906]
[ruby $(which ign) gazebo-13] [1;33m[Wrn] [Model.hh:69] [0m[1;33m[Wrn] [Model.hh:69] Skipping serialization / deserialization for models [0m[1;33mwith //pose/@relative_to attribute.[0m[1;33m[0m
[ruby $(which ign) gazebo-13] [1;33mSkipping serialization / deserialization for models [0m[1;33mwith //pose/@relative_to attribute.[0m[1;33m[Wrn] [Model.hh:69] [0m[1;33mSkipping serialization / deserialization for models [0m[1;33mwith //pose/@relative_to attribute.[0m[1;33m[Wrn] [Component.hh:144] [0m[1;33mTrying to serialize component with data type [[0m[1;33mN3sdf3v125WorldE[0m[1;33m], which doesn't have [0m[1;33m`operator<<`. Component will not be serialized.[0m[1;33m[0m
[ruby $(which ign) gazebo-13] [1;33m[GUI] [Wrn] [Component.hh:189] [0m[1;33mTrying to deserialize component with data type [[0m[1;33mN3sdf3v125WorldE[0m[1;33m], which doesn't have [0m[1;33m`operator>>`. Component will not be deserialized.[0m[1;33m[0m
[ruby $(which ign) gazebo-13] [1;33m[Wrn] [SdfEntityCreator.cc:917] [0m[1;33mSensor type LIDAR not supported yet. Try using[0m[1;33ma GPU LIDAR instead.[0m[1;33m[0m
[ruby $(which ign) gazebo-13] [1;33m[Wrn] [SdfEntityCreator.cc:917] [0m[1;33mSensor type LIDAR not supported yet. Try using[0m[1;33ma GPU LIDAR instead.[0m[1;33m[0m
[ruby $(which ign) gazebo-13] [1;33m[Wrn] [SdfEntityCreator.cc:917] [0m[1;33mSensor type LIDAR not supported yet. Try using[0m[1;33ma GPU LIDAR instead.[0m[1;33m[0m
[WARNING] [launch]: user interrupted with ctrl-c (SIGINT)
[parameter_bridge-14] [INFO] [1745831981.945467011] [rclcpp]: signal_handler(signum=2)
[ruby $(which ign) gazebo-13] [1;33m[GUI] [Wrn] [Application.cc:797] [0m[1;33m[QT] qrc:qml/Main.qml:52: TypeError: Cannot read property 'dialogOnExitText' of null[0m[1;33m[0m
[ruby $(which ign) gazebo-13] [1;33m[GUI] [Wrn] [Application.cc:797] [0m[1;33m[QT] qrc:qml/Main.qml:54: TypeError: Cannot read property 'exitDialogShowCloseGui' of null[0m[1;33m[0m
[ruby $(which ign) gazebo-13] [1;33m[GUI] [Wrn] [Application.cc:797] [0m[1;33m[QT] qrc:qml/Main.qml:53: TypeError: Cannot read property 'exitDialogShowShutdown' of null[0m[1;33m[0m
[ruby $(which ign) gazebo-13] [1;33m[GUI] [Wrn] [Application.cc:797] [0m[1;33m[QT] qrc:qml/Main.qml:251: TypeError: Cannot read property 'showDrawer' of null[0m[1;33m[0m
[ruby $(which ign) gazebo-13] [1;33m[GUI] [Wrn] [Application.cc:797] [0m[1;33m[QT] qrc:/qml/SideDrawer.qml:93: TypeError: Cannot read property 'showDefaultDrawerOpts' of null[0m[1;33m[0m
[ruby $(which ign) gazebo-13] [1;33m[GUI] [Wrn] [Application.cc:797] [0m[1;33m[QT] qrc:/qml/IgnSplit.qml:56: TypeError: Cannot read property 'pluginCount' of null[0m[1;33m[0m
[ruby $(which ign) gazebo-13] [1;33m[GUI] [Wrn] [Application.cc:797] [0m[1;33m[QT] qrc:qml/Main.qml:41: TypeError: Cannot read property 'toolBarColorLight' of null[0m[1;33m[0m
[ruby $(which ign) gazebo-13] [1;33m[GUI] [Wrn] [Application.cc:797] [0m[1;33m[QT] qrc:qml/Main.qml:42: TypeError: Cannot read property 'toolBarTextColorLight' of null[0m[1;33m[0m
[ruby $(which ign) gazebo-13] [1;33m[GUI] [Wrn] [Application.cc:797] [0m[1;33m[QT] qrc:qml/Main.qml:43: TypeError: Cannot read property 'toolBarColorDark' of null[0m[1;33m[0m
[ruby $(which ign) gazebo-13] [1;33m[GUI] [Wrn] [Application.cc:797] [0m[1;33m[QT] qrc:qml/Main.qml:44: TypeError: Cannot read property 'toolBarTextColorDark' of null[0m[1;33m[0m
[ruby $(which ign) gazebo-13] [1;33m[GUI] [Wrn] [Application.cc:797] [0m[1;33m[QT] qrc:qml/Main.qml:45: TypeError: Cannot read property 'pluginToolBarColorLight' of null[0m[1;33m[0m
[ruby $(which ign) gazebo-13] [1;33m[GUI] [Wrn] [Application.cc:797] [0m[1;33m[QT] qrc:qml/Main.qml:46: TypeError: Cannot read property 'pluginToolBarTextColorLight' of null[0m[1;33m[0m
[ruby $(which ign) gazebo-13] [1;33m[GUI] [Wrn] [Application.cc:797] [0m[1;33m[QT] qrc:qml/Main.qml:47: TypeError: Cannot read property 'pluginToolBarColorDark' of null[0m[1;33m[0m
[ruby $(which ign) gazebo-13] [1;33m[GUI] [Wrn] [Application.cc:797] [0m[1;33m[QT] qrc:qml/Main.qml:48: TypeError: Cannot read property 'pluginToolBarTextColorDark' of null[0m[1;33m[0m
[ruby $(which ign) gazebo-13] [1;33m[GUI] [Wrn] [Application.cc:797] [0m[1;33m[QT] qrc:qml/Main.qml:50: TypeError: Cannot read property 'defaultExitAction' of null[0m[1;33m[0m
[ruby $(which ign) gazebo-13] [1;33m[GUI] [Wrn] [Application.cc:797] [0m[1;33m[QT] qrc:qml/Main.qml:51: TypeError: Cannot read property 'showDialogOnExit' of null[0m[1;33m[0m
[ruby $(which ign) gazebo-13] [1;33m[GUI] [Wrn] [Application.cc:797] [0m[1;33m[QT] qrc:qml/Main.qml:55: TypeError: Cannot read property 'exitDialogShutdownText' of null[0m[1;33m[0m
[ruby $(which ign) gazebo-13] [1;33m[GUI] [Wrn] [Application.cc:797] [0m[1;33m[QT] qrc:qml/Main.qml:56: TypeError: Cannot read property 'exitDialogCloseGuiText' of null[0m[1;33m[0m
[ruby $(which ign) gazebo-13] [1;33m[GUI] [Wrn] [Application.cc:797] [0m[1;33m[QT] qrc:qml/Main.qml:66: TypeError: Cannot read property 'toolBarColorLight' of null[0m[1;33m[0m
[ruby $(which ign) gazebo-13] [1;33m[GUI] [Wrn] [Application.cc:797] [0m[1;33m[QT] qrc:qml/Main.qml:76: TypeError: Cannot read property 'toolBarTextColorLight' of null[0m[1;33m[0m
[ruby $(which ign) gazebo-13] [1;33m[GUI] [Wrn] [Application.cc:797] [0m[1;33m[QT] qrc:qml/Main.qml:219: TypeError: Cannot read property 'showPluginMenu' of null[0m[1;33m[0m
[ruby $(which ign) gazebo-13] [1;33m[GUI] [Wrn] [Application.cc:797] [0m[1;33m[QT] qrc:qml/Main.qml:202: TypeError: Cannot read property 'showDrawer' of null[0m[1;33m[0m
[ruby $(which ign) gazebo-13] [1;33m[GUI] [Wrn] [Application.cc:797] [0m[1;33m[QT] qrc:qml/Main.qml:188: TypeError: Cannot read property 'showDrawer' of null[0m[1;33m[0m
[ruby $(which ign) gazebo-13] [1;33m[GUI] [Wrn] [Application.cc:797] [0m[1;33m[QT] file::qml/IgnCard.qml:128: TypeError: Cannot read property 'pluginToolBarColorLight' of null[0m[1;33m[0m
[ruby $(which ign) gazebo-13] [1;33m[GUI] [Wrn] [Application.cc:797] [0m[1;33m[QT] file::qml/IgnCard.qml:139: TypeError: Cannot read property 'pluginToolBarTextColorLight' of null[0m[1;33m[0m
[ruby $(which ign) gazebo-13] [1;33m[GUI] [Wrn] [Application.cc:797] [0m[1;33m[QT] file::qml/IgnCard.qml:128: TypeError: Cannot read property 'pluginToolBarColorLight' of null[0m[1;33m[0m
[ruby $(which ign) gazebo-13] [1;33m[GUI] [Wrn] [Application.cc:797] [0m[1;33m[QT] file::qml/IgnCard.qml:139: TypeError: Cannot read property 'pluginToolBarTextColorLight' of null[0m[1;33m[0m
[ruby $(which ign) gazebo-13] [1;33m[GUI] [Wrn] [Application.cc:797] [0m[1;33m[QT] file::qml/IgnCard.qml:128: TypeError: Cannot read property 'pluginToolBarColorLight' of null[0m[1;33m[0m
[ruby $(which ign) gazebo-13] [1;33m[GUI] [Wrn] [Application.cc:797] [0m[1;33m[QT] file::qml/IgnCard.qml:139: TypeError: Cannot read property 'pluginToolBarTextColorLight' of null[0m[1;33m[0m
[ruby $(which ign) gazebo-13] [1;33m[GUI] [Wrn] [Application.cc:797] [0m[1;33m[QT] file::qml/IgnCard.qml:128: TypeError: Cannot read property 'pluginToolBarColorLight' of null[0m[1;33m[0m
[ruby $(which ign) gazebo-13] [1;33m[GUI] [Wrn] [Application.cc:797] [0m[1;33m[QT] file::qml/IgnCard.qml:139: TypeError: Cannot read property 'pluginToolBarTextColorLight' of null[0m[1;33m[0m
[ruby $(which ign) gazebo-13] [1;33m[GUI] [Wrn] [Application.cc:797] [0m[1;33m[QT] file::qml/IgnCard.qml:128: TypeError: Cannot read property 'pluginToolBarColorLight' of null[0m[1;33m[0m
[ruby $(which ign) gazebo-13] [1;33m[GUI] [Wrn] [Application.cc:797] [0m[1;33m[QT] file::qml/IgnCard.qml:139: TypeError: Cannot read property 'pluginToolBarTextColorLight' of null[0m[1;33m[0m
[ruby $(which ign) gazebo-13] [1;33m[GUI] [Wrn] [Application.cc:797] [0m[1;33m[QT] file::qml/IgnCard.qml:128: TypeError: Cannot read property 'pluginToolBarColorLight' of null[0m[1;33m[0m
[ruby $(which ign) gazebo-13] [1;33m[GUI] [Wrn] [Application.cc:797] [0m[1;33m[QT] file::qml/IgnCard.qml:139: TypeError: Cannot read property 'pluginToolBarTextColorLight' of null[0m[1;33m[0m
[ruby $(which ign) gazebo-13] [1;33m[GUI] [Wrn] [Application.cc:797] [0m[1;33m[QT] file::qml/IgnCard.qml:128: TypeError: Cannot read property 'pluginToolBarColorLight' of null[0m[1;33m[0m
[ruby $(which ign) gazebo-13] [1;33m[GUI] [Wrn] [Application.cc:797] [0m[1;33m[QT] file::qml/IgnCard.qml:139: TypeError: Cannot read property 'pluginToolBarTextColorLight' of null[0m[1;33m[0m
[ruby $(which ign) gazebo-13] [1;33m[GUI] [Wrn] [Application.cc:797] [0m[1;33m[QT] file::qml/IgnCard.qml:128: TypeError: Cannot read property 'pluginToolBarColorLight' of null[0m[1;33m[0m
[ruby $(which ign) gazebo-13] [1;33m[GUI] [Wrn] [Application.cc:797] [0m[1;33m[QT] file::qml/IgnCard.qml:139: TypeError: Cannot read property 'pluginToolBarTextColorLight' of null[0m[1;33m[0m
[ruby $(which ign) gazebo-13] [1;33m[GUI] [Wrn] [Application.cc:797] [0m[1;33m[QT] file::qml/IgnCard.qml:128: TypeError: Cannot read property 'pluginToolBarColorLight' of null[0m[1;33m[0m
[ruby $(which ign) gazebo-13] [1;33m[GUI] [Wrn] [Application.cc:797] [0m[1;33m[QT] file::qml/IgnCard.qml:139: TypeError: Cannot read property 'pluginToolBarTextColorLight' of null[0m[1;33m[0m
[ruby $(which ign) gazebo-13] [1;33m[GUI] [Wrn] [Application.cc:797] [0m[1;33m[QT] file::qml/IgnCard.qml:128: TypeError: Cannot read property 'pluginToolBarColorLight' of null[0m[1;33m[0m
[ruby $(which ign) gazebo-13] [1;33m[GUI] [Wrn] [Application.cc:797] [0m[1;33m[QT] file::qml/IgnCard.qml:139: TypeError: Cannot read property 'pluginToolBarTextColorLight' of null[0m[1;33m[0m
[ruby $(which ign) gazebo-13] [1;33m[GUI] [Wrn] [Application.cc:797] [0m[1;33m[QT] file::qml/IgnCard.qml:128: TypeError: Cannot read property 'pluginToolBarColorLight' of null[0m[1;33m[0m
[ruby $(which ign) gazebo-13] [1;33m[GUI] [Wrn] [Application.cc:797] [0m[1;33m[QT] file::qml/IgnCard.qml:139: TypeError: Cannot read property 'pluginToolBarTextColorLight' of null[0m[1;33m[0m
[ruby $(which ign) gazebo-13] [1;33m[GUI] [Wrn] [Application.cc:797] [0m[1;33m[QT] file::qml/IgnCard.qml:128: TypeError: Cannot read property 'pluginToolBarColorLight' of null[0m[1;33m[0m
[ruby $(which ign) gazebo-13] [1;33m[GUI] [Wrn] [Application.cc:797] [0m[1;33m[QT] file::qml/IgnCard.qml:139: TypeError: Cannot read property 'pluginToolBarTextColorLight' of null[0m[1;33m[0m
[ruby $(which ign) gazebo-13] [1;33m[GUI] [Wrn] [Application.cc:797] [0m[1;33m[QT] file::qml/IgnCard.qml:128: TypeError: Cannot read property 'pluginToolBarColorLight' of null[0m[1;33m[0m
[ruby $(which ign) gazebo-13] [1;33m[GUI] [Wrn] [Application.cc:797] [0m[1;33m[QT] file::qml/IgnCard.qml:139: TypeError: Cannot read property 'pluginToolBarTextColorLight' of null[0m[1;33m[0m
[ruby $(which ign) gazebo-13] [1;33m[GUI] [Wrn] [Application.cc:797] [0m[1;33m[QT] file::qml/IgnCard.qml:128: TypeError: Cannot read property 'pluginToolBarColorLight' of null[0m[1;33m[0m
[ruby $(which ign) gazebo-13] [1;33m[GUI] [Wrn] [Application.cc:797] [0m[1;33m[QT] file::qml/IgnCard.qml:139: TypeError: Cannot read property 'pluginToolBarTextColorLight' of null[0m[1;33m[0m
[ruby $(which ign) gazebo-13] [1;33m[GUI] [Wrn] [Application.cc:797] [0m[1;33m[QT] file::qml/IgnCard.qml:128: TypeError: Cannot read property 'pluginToolBarColorLight' of null[0m[1;33m[0m
[ruby $(which ign) gazebo-13] [1;33m[GUI] [Wrn] [Application.cc:797] [0m[1;33m[QT] file::qml/IgnCard.qml:139: TypeError: Cannot read property 'pluginToolBarTextColorLight' of null[0m[1;33m[0m
[ruby $(which ign) gazebo-13] [1;33m[GUI] [Wrn] [Application.cc:797] [0m[1;33m[QT] file::qml/IgnCard.qml:128: TypeError: Cannot read property 'pluginToolBarColorLight' of null[0m[1;33m[0m
[ruby $(which ign) gazebo-13] [1;33m[GUI] [Wrn] [Application.cc:797] [0m[1;33m[QT] file::qml/IgnCard.qml:139: TypeError: Cannot read property 'pluginToolBarTextColorLight' of null[0m[1;33m[0m
[ruby $(which ign) gazebo-13] [1;33m[GUI] [Wrn] [Application.cc:797] [0m[1;33m[QT] file::qml/IgnCard.qml:128: TypeError: Cannot read property 'pluginToolBarColorLight' of null[0m[1;33m[0m
[ruby $(which ign) gazebo-13] [1;33m[GUI] [Wrn] [Application.cc:797] [0m[1;33m[QT] file::qml/IgnCard.qml:139: TypeError: Cannot read property 'pluginToolBarTextColorLight' of null[0m[1;33m[0m
[ruby $(which ign) gazebo-13] [1;33m[GUI] [Wrn] [Application.cc:797] [0m[1;33m[QT] file::qml/IgnCard.qml:128: TypeError: Cannot read property 'pluginToolBarColorLight' of null[0m[1;33m[0m
[ruby $(which ign) gazebo-13] [1;33m[GUI] [Wrn] [Application.cc:797] [0m[1;33m[QT] file::qml/IgnCard.qml:139: TypeError: Cannot read property 'pluginToolBarTextColorLight' of null[0m[1;33m[0m
[ruby $(which ign) gazebo-13] [1;32m[Msg] [0m[1;32mOdometryPublisher publishing odometry GUI] [0m[1;32m[Msg] [0m[1;32mUsing server control service [[0m[1;32m/server_control[0m[1;32m][0m[1;32m[0m
[ruby $(which ign) gazebo-13] [1;32m[GUI] [0m[1;32m[Msg] [0m[1;32mLoading plugin [[0m[1;32mignition-rendering-ogre2[0m[1;32m][0m[1;32m[0m
[ruby $(which ign) gazebo-13] [1;32m[GUI] [0m[1;32m[Msg] [0m[1;32mLoading plugin [[0m[1;32mignition-rendering-ogre2[0m[1;32m][0m[1;32m[0m
[ruby $(which ign) gazebo-13] [1;32m[GUI] [0m[1;32m[Msg] [0m[1;32mLoading plugin [[0m[1;32mignition-rendering-ogre2[0m[1;32m][0m[1;32m[0m
[ruby $(which ign) gazebo-13] [1;32m[GUI] [0m[1;32m[Msg] [0m[1;32mLoading plugin [[0m[1;32mignition-rendering-ogre2[0m[1;32m][0m[1;32m[0m
[ruby $(which ign) gazebo-13] [1;32m[GUI] [0m[1;32m[Msg] [0m[1;32mLoading plugin [[0m[1;32mignition-rendering-ogre2[0m[1;32m][0m[1;32m[0m
[ruby $(which ign) gazebo-13] [1;32m[GUI] [0m[1;32m[Msg] [0m[1;32mLoading plugin [[0m[1;32mignition-rendering-ogre2[0m[1;32m][0m[1;32m[0m
[ruby $(which ign) gazebo-13] [1;32m[GUI] [0m[1;32m[Msg] [0m[1;32mLoading plugin [[0m[1;32mignition-rendering-ogre2[0m[1;32m][0m[1;32m[0m
[ruby $(which ign) gazebo-13] [1;32m[GUI] [0m[1;32m[Msg] [0m[1;32mMove to service on [[0m[1;32m/gui/move_to[0m[1;32m][0m[1;32m[0m
[ruby $(which ign) gazebo-13] [1;32m[GUI] [0m[1;32m[Msg] [0m[1;32mFollow service on [[0m[1;32m/gui/follow[0m[1;32m][0m[1;32m[0m
[ruby $(which ign) gazebo-13] [1;32m[GUI] [0m[1;32m[Msg] [0m[1;32mMove to pose service on [[0m[1;32m/gui/move_to/pose[0m[1;32m][0m[1;32m[0m
[ruby $(which ign) gazebo-13] [1;32m[GUI] [0m[1;32m[Msg] [0m[1;32mCamera pose topic advertised on [[0m[1;32m/gui/camera/pose[0m[1;32m][0m[1;32m[0m
[ruby $(which ign) gazebo-13] [1;32m[GUI] [0m[1;32m[Msg] [0m[1;32mFollow offset service on [[0m[1;32m/gui/follow/offset[0m[1;32m][0m[1;32m[0m
[ruby $(which ign) gazebo-13] [1;32m[GUI] [0m[1;32m[Msg] [0m[1;32mLoading plugin [[0m[1;32mignition-rendering-ogre2[0m[1;32m][0m[1;32m[0m
[ruby $(which ign) gazebo-13] [1;32m[GUI] [0m[1;32m[Msg] [0m[1;32mLoading plugin [[0m[1;32mignition-rendering-ogre2[0m[1;32m][0m[1;32m[0m
[ruby $(which ign) gazebo-13] [1;32m[GUI] [0m[1;32m[Msg] [0m[1;32mLoading plugin [[0m[1;32mignition-rendering-ogre2[0m[1;32m][0m[1;32m[0m
[ruby $(which ign) gazebo-13] [1;32m[GUI] [0m[1;32m[Msg] [0m[1;32mLoading plugin [[0m[1;32mignition-rendering-ogre2[0m[1;32m][0m[1;32m[0m
[INFO] [parameter_bridge-14]: process has finished cleanly [pid 235449]
[ruby $(which ign) gazebo-13] on [[0m[1;32m/odom[0m[1;32m][0m[1;32m[0m
[ruby $(which ign) gazebo-13] [1;32m[Msg] [0m[1;32mOdometryPublisher publishing odometry with covariance on [[0m[1;32m/model/turtlebot1/odometry_with_covariance[0m[1;32m][0m[1;32m[0m
[ruby $(which ign) gazebo-13] [1;32m[Msg] [0m[1;32mOdometryPublisher publishing Pose_V (TF) on [[0m[1;32m/odom/tf[0m[1;32m][0m[1;32m[0m
[ruby $(which ign) gazebo-13] [1;32m[Msg] [0m[1;32mDiffDrive subscribing to twist messages on [[0m[1;32mcmd_vel[0m[1;32m][0m[1;32m[0m
[ruby $(which ign) gazebo-13] [1;32m[Msg] [0m[1;32mServing scene information on [[0m[1;32m/world/default[0m[1;32m/[0m[1;32mscene/info[0m[1;32m][0m[1;32m[0m
[ruby $(which ign) gazebo-13] [1;32m[Msg] [0m[1;32mServing graph information on [[0m[1;32m/world/default[0m[1;32m/[0m[1;32mscene/graph[0m[1;32m][0m[1;32m[0m
[ruby $(which ign) gazebo-13] [1;32m[Msg] [0m[1;32mServing full state on [[0m[1;32m/world/default[0m[1;32m/[0m[1;32mstate[0m[1;32m][0m[1;32m[0m
[ruby $(which ign) gazebo-13] [1;32m[Msg] [0m[1;32mServing full state (async) on [[0m[1;32m/world/default[0m[1;32m/[0m[1;32mstate_async[0m[1;32m][0m[1;32m[0m
[ruby $(which ign) gazebo-13] [1;32m[Msg] [0m[1;32mPublishing scene information on [[0m[1;32m/world/default/scene/info[0m[1;32m][0m[1;32m[0m
[ruby $(which ign) gazebo-13] [1;32m[Msg] [0m[1;32mPublishing entity deletions on [[0m[1;32m/world/default/scene/deletion[0m[1;32m][0m[1;32m[0m
[ruby $(which ign) gazebo-13] [1;32m[Msg] [0m[1;32mPublishing state changes on [[0m[1;32m/world/default/state[0m[1;32m][0m[1;32m[0m
[ruby $(which ign) gazebo-13] [1;32m[Msg] [0m[1;32mPublishing pose messages on [[0m[1;32m/world/default[0m[1;32m/[0m[1;32mpose/info[0m[1;32m][0m[1;32m[0m
[ruby $(which ign) gazebo-13] [1;32m[Msg] [0m[1;32mPublishing dynamic pose messages on [[0m[1;32m/world/default[0m[1;32m/[0m[1;32mdynamic_pose/info[0m[1;32m][0m[1;32m[0m
[ruby $(which ign) gazebo-13] [1;32m[Msg] [0m[1;32mOdometryPublisher publishing odometry on [[0m[1;32m/odom[0m[1;32m][0m[1;32m[0m
[ruby $(which ign) gazebo-13] [1;32m[Msg] [0m[1;32mOdometryPublisher publishing odometry with covariance on [[0m[1;32m/model/turtlebot2/odometry_with_covariance[0m[1;32m][0m[1;32m[0m
[ruby $(which ign) gazebo-13] [1;32m[Msg] [0m[1;32mOdometryPublisher publishing Pose_V (TF) on [[0m[1;32m/odom/tf[0m[1;32m][0m[1;32m[0m
[ruby $(which ign) gazebo-13] [1;32m[Msg] [0m[1;32mDiffDrive subscribing to twist messages on [[0m[1;32mcmd_vel[0m[1;32m][0m[1;32m[0m
[ruby $(which ign) gazebo-13] [1;32m[Msg] [0m[1;32mOdometryPublisher publishing odometry on [[0m[1;32m/odom[0m[1;32m][0m[1;32m[0m
[ruby $(which ign) gazebo-13] [1;32m[Msg] [0m[1;32mOdometryPublisher publishing odometry with covariance on [[0m[1;32m/model/turtlebot3/odometry_with_covariance[0m[1;32m][0m[1;32m[0m
[ruby $(which ign) gazebo-13] [1;32m[Msg] [0m[1;32mOdometryPublisher publishing Pose_V (TF) on [[0m[1;32m/odom/tf[0m[1;32m][0m[1;32m[0m
[ruby $(which ign) gazebo-13] [1;32m[Msg] [0m[1;32mDiffDrive subscribing to twist messages on [[0m[1;32mcmd_vel[0m[1;32m][0m[1;32m[0m
[ruby $(which ign) gazebo-13] [1;32m[Msg] [0m[1;32mOdometryPublisher publishing odometry on [[0m[1;32m/odom[0m[1;32m][0m[1;32m[0m
[ruby $(which ign) gazebo-13] [1;32m[Msg] [0m[1;32mOdometryPublisher publishing odometry with covariance on [[0m[1;32m/model/turtlebot4/odometry_with_covariance[0m[1;32m][0m[1;32m[0m
[ruby $(which ign) gazebo-13] [1;32m[Msg] [0m[1;32mOdometryPublisher publishing Pose_V (TF) on [[0m[1;32m/odom/tf[0m[1;32m][0m[1;32m[0m
[ruby $(which ign) gazebo-13] [1;32m[Msg] [0m[1;32mDiffDrive subscribing to twist messages on [[0m[1;32mcmd_vel[0m[1;32m][0m[1;32m[0m
[ERROR] [ruby $(which ign) gazebo-13]: process has died [pid 235447, exit code -2, cmd 'ruby $(which ign) gazebo  -r -v 3 /root/workspace/install/turtlebot3_gazebo/share/turtlebot3_gazebo/worlds/turtlebot3_maze.world --force-version 6'].
[INFO] [launch]: process[ruby $(which ign) gazebo-13] was required: shutting down launched system
